#
# There is insufficient memory for the Java Runtime Environment to continue.
# Native memory allocation (malloc) failed to allocate 1077536 bytes for Chunk::new
# Possible reasons:
#   The system is out of physical RAM or swap space
#   The process is running with CompressedOops enabled, and the Java Heap may be blocking the growth of the native heap
# Possible solutions:
#   Reduce memory load on the system
#   Increase physical memory or swap space
#   Check if swap backing store is full
#   Decrease Java heap size (-Xmx/-Xms)
#   Decrease number of Java threads
#   Decrease Java thread stack sizes (-Xss)
#   Set larger code cache with -XX:ReservedCodeCacheSize=
#   JVM is running with Unscaled Compressed Oops mode in which the Java heap is
#     placed in the first 4GB address space. The Java Heap base address is the
#     maximum limit for the native heap growth. Please use -XX:HeapBaseMinAddress
#     to set the Java Heap base and to place the Java Heap above 4GB virtual address.
# This output file may be truncated or incomplete.
#
#  Out of Memory Error (./src/hotspot/share/memory/arena.cpp:197), pid=11896, tid=10632
#
# JRE version: OpenJDK Runtime Environment (11.0.10) (build 11.0.10+0-b96-7249189)
# Java VM: OpenJDK 64-Bit Server VM (11.0.10+0-b96-7249189, mixed mode, tiered, compressed oops, g1 gc, windows-amd64)
# No core dump will be written. Minidumps are not enabled by default on client versions of Windows
#

---------------  S U M M A R Y ------------

Command Line: --add-opens=java.base/java.util=ALL-UNNAMED --add-opens=java.base/java.lang=ALL-UNNAMED --add-opens=java.base/java.lang.invoke=ALL-UNNAMED --add-opens=java.base/java.util=ALL-UNNAMED --add-opens=java.prefs/java.util.prefs=ALL-UNNAMED --add-opens=java.prefs/java.util.prefs=ALL-UNNAMED --add-opens=java.base/java.nio.charset=ALL-UNNAMED --add-opens=java.base/java.net=ALL-UNNAMED --add-opens=java.base/java.util.concurrent.atomic=ALL-UNNAMED -Xmx2048m -Dfile.encoding=UTF-8 -Duser.country=CN -Duser.language=zh -Duser.variant org.gradle.launcher.daemon.bootstrap.GradleDaemon 7.0.2

Host: Intel(R) Core(TM) i7-9750H CPU @ 2.60GHz, 12 cores, 7G,  Windows 10 , 64 bit Build 19041 (10.0.19041.1202)
Time: Tue Oct  5 17:48:08 2021 中国标准时间 elapsed time: 5.839318 seconds (0d 0h 0m 5s)

---------------  T H R E A D  ---------------

Current thread (0x0000021f97874000):  JavaThread "C2 CompilerThread0" daemon [_thread_in_native, id=10632, stack(0x0000006f9cf00000,0x0000006f9d000000)]


Current CompileTask:
C2:   5839 4892       4       org.objectweb.asm.Frame::execute (2318 bytes)

Stack: [0x0000006f9cf00000,0x0000006f9d000000]
Native frames: (J=compiled Java code, j=interpreted, Vv=VM code, C=native code)
V  [jvm.dll+0x5ecfaa]
V  [jvm.dll+0x722bd5]
V  [jvm.dll+0x72412d]
V  [jvm.dll+0x7247e3]
V  [jvm.dll+0x242928]
V  [jvm.dll+0xbc4fc]
V  [jvm.dll+0xbca0c]
V  [jvm.dll+0x2b4fd4]
V  [jvm.dll+0x506028]
V  [jvm.dll+0x203253]
V  [jvm.dll+0x1fd07c]
V  [jvm.dll+0x1fa77f]
V  [jvm.dll+0x18354c]
V  [jvm.dll+0x208ee7]
V  [jvm.dll+0x207731]
V  [jvm.dll+0x6eb1cf]
V  [jvm.dll+0x6e3d45]
V  [jvm.dll+0x5ebe96]
C  [ucrtbase.dll+0x21bb2]
C  [KERNEL32.DLL+0x17034]
C  [ntdll.dll+0x52651]


---------------  P R O C E S S  ---------------

Threads class SMR info:
_java_thread_list=0x0000021f9b83c820, length=57, elements={
0x0000021ffbf49000, 0x0000021f96fed000, 0x0000021f96ff6000, 0x0000021f9786b000,
0x0000021f9786d000, 0x0000021f9786e000, 0x0000021f97874000, 0x0000021f9787a800,
0x0000021f97885800, 0x0000021f979d9800, 0x0000021f979e0000, 0x0000021f979db000,
0x0000021f979dc000, 0x0000021f979de800, 0x0000021f979dd000, 0x0000021f979dd800,
0x0000021f979df000, 0x0000021f979da800, 0x0000021f9a17d000, 0x0000021f9a17e800,
0x0000021f9a17f800, 0x0000021f9a180800, 0x0000021f9a181000, 0x0000021f9a17b800,
0x0000021f9a182000, 0x0000021f9a17c000, 0x0000021f9a182800, 0x0000021f9a183800,
0x0000021f9a17e000, 0x0000021f9a188800, 0x0000021f9a185000, 0x0000021f9a189000,
0x0000021f9a18a000, 0x0000021f9a184800, 0x0000021f9a186000, 0x0000021f9b328000,
0x0000021f9b327000, 0x0000021f9b32a000, 0x0000021f9b326000, 0x0000021f9b32b000,
0x0000021f9b32d800, 0x0000021f9b32c800, 0x0000021f9b32e800, 0x0000021f9b32c000,
0x0000021f9b328800, 0x0000021f9b32f000, 0x0000021f9b329800, 0x0000021f9b332800,
0x0000021f9b334000, 0x0000021f9b335000, 0x0000021f9b331800, 0x0000021f9b331000,
0x0000021f9b333000, 0x0000021f9b330000, 0x0000021f9b8b1800, 0x0000021f9b8b3800,
0x0000021f9b8b0800
}

Java Threads: ( => current thread )
  0x0000021ffbf49000 JavaThread "main" [_thread_blocked, id=22508, stack(0x0000006f9c300000,0x0000006f9c400000)]
  0x0000021f96fed000 JavaThread "Reference Handler" daemon [_thread_blocked, id=27256, stack(0x0000006f9ca00000,0x0000006f9cb00000)]
  0x0000021f96ff6000 JavaThread "Finalizer" daemon [_thread_blocked, id=27104, stack(0x0000006f9cb00000,0x0000006f9cc00000)]
  0x0000021f9786b000 JavaThread "Signal Dispatcher" daemon [_thread_blocked, id=26824, stack(0x0000006f9cc00000,0x0000006f9cd00000)]
  0x0000021f9786d000 JavaThread "Attach Listener" daemon [_thread_blocked, id=4064, stack(0x0000006f9cd00000,0x0000006f9ce00000)]
  0x0000021f9786e000 JavaThread "Service Thread" daemon [_thread_blocked, id=16356, stack(0x0000006f9ce00000,0x0000006f9cf00000)]
=>0x0000021f97874000 JavaThread "C2 CompilerThread0" daemon [_thread_in_native, id=10632, stack(0x0000006f9cf00000,0x0000006f9d000000)]
  0x0000021f9787a800 JavaThread "C1 CompilerThread0" daemon [_thread_blocked, id=12936, stack(0x0000006f9d000000,0x0000006f9d100000)]
  0x0000021f97885800 JavaThread "Sweeper thread" daemon [_thread_blocked, id=20052, stack(0x0000006f9d100000,0x0000006f9d200000)]
  0x0000021f979d9800 JavaThread "Common-Cleaner" daemon [_thread_blocked, id=13920, stack(0x0000006f9d200000,0x0000006f9d300000)]
  0x0000021f979e0000 JavaThread "Daemon health stats" [_thread_blocked, id=28256, stack(0x0000006f9d700000,0x0000006f9d800000)]
  0x0000021f979db000 JavaThread "Incoming local TCP Connector on port 60842" [_thread_in_native, id=14504, stack(0x0000006f9d400000,0x0000006f9d500000)]
  0x0000021f979dc000 JavaThread "Daemon periodic checks" [_thread_blocked, id=6768, stack(0x0000006f9d800000,0x0000006f9d900000)]
  0x0000021f979de800 JavaThread "Daemon" [_thread_blocked, id=14984, stack(0x0000006f9d900000,0x0000006f9da00000)]
  0x0000021f979dd000 JavaThread "Handler for socket connection from /127.0.0.1:60842 to /127.0.0.1:60843" [_thread_in_native, id=28736, stack(0x0000006f9da00000,0x0000006f9db00000)]
  0x0000021f979dd800 JavaThread "Cancel handler" [_thread_blocked, id=29008, stack(0x0000006f9db00000,0x0000006f9dc00000)]
  0x0000021f979df000 JavaThread "Daemon worker" [_thread_in_Java, id=29836, stack(0x0000006f9dc00000,0x0000006f9dd00000)]
  0x0000021f979da800 JavaThread "Asynchronous log dispatcher for DefaultDaemonConnection: socket connection from /127.0.0.1:60842 to /127.0.0.1:60843" [_thread_blocked, id=23872, stack(0x0000006f9dd00000,0x0000006f9de00000)]
  0x0000021f9a17d000 JavaThread "Stdin handler" [_thread_blocked, id=29052, stack(0x0000006f9de00000,0x0000006f9df00000)]
  0x0000021f9a17e800 JavaThread "Daemon client event forwarder" [_thread_blocked, id=3632, stack(0x0000006f9df00000,0x0000006f9e000000)]
  0x0000021f9a17f800 JavaThread "Cache worker for file hash cache (C:\Users\25771\.gradle\caches\7.0.2\fileHashes)" [_thread_blocked, id=7268, stack(0x0000006f9e700000,0x0000006f9e800000)]
  0x0000021f9a180800 JavaThread "File lock request listener" [_thread_in_native, id=21444, stack(0x0000006f9e800000,0x0000006f9e900000)]
  0x0000021f9a181000 JavaThread "Cache worker for journal cache (C:\Users\25771\.gradle\caches\journal-1)" [_thread_blocked, id=18664, stack(0x0000006f9eb00000,0x0000006f9ec00000)]
  0x0000021f9a17b800 JavaThread "Cache worker for file hash cache (D:\AndroidProjects\4\.gradle\7.0.2\fileHashes)" [_thread_blocked, id=20020, stack(0x0000006f9ec00000,0x0000006f9ed00000)]
  0x0000021f9a182000 JavaThread "File watcher server" daemon [_thread_in_native, id=21848, stack(0x0000006f9ed00000,0x0000006f9ee00000)]
  0x0000021f9a17c000 JavaThread "File watcher consumer" daemon [_thread_blocked, id=4196, stack(0x0000006f9ee00000,0x0000006f9ef00000)]
  0x0000021f9a182800 JavaThread "Cache worker for checksums cache (D:\AndroidProjects\4\.gradle\checksums)" [_thread_blocked, id=27200, stack(0x0000006f9ef00000,0x0000006f9f000000)]
  0x0000021f9a183800 JavaThread "Cache worker for cache directory md-supplier (C:\Users\25771\.gradle\caches\7.0.2\md-supplier)" [_thread_blocked, id=28700, stack(0x0000006f9f000000,0x0000006f9f100000)]
  0x0000021f9a17e000 JavaThread "Cache worker for cache directory md-rule (C:\Users\25771\.gradle\caches\7.0.2\md-rule)" [_thread_blocked, id=23300, stack(0x0000006f9f100000,0x0000006f9f200000)]
  0x0000021f9a188800 JavaThread "Cache worker for execution history cache (C:\Users\25771\.gradle\caches\7.0.2\executionHistory)" [_thread_blocked, id=23596, stack(0x0000006f9f200000,0x0000006f9f300000)]
  0x0000021f9a185000 JavaThread "jar transforms" [_thread_blocked, id=23884, stack(0x0000006f9f300000,0x0000006f9f400000)]
  0x0000021f9a189000 JavaThread "jar transforms Thread 2" [_thread_blocked, id=27188, stack(0x0000006f9f400000,0x0000006f9f500000)]
  0x0000021f9a18a000 JavaThread "Cache worker for file content cache (C:\Users\25771\.gradle\caches\7.0.2\fileContent)" [_thread_blocked, id=20628, stack(0x0000006f9f500000,0x0000006f9f600000)]
  0x0000021f9a184800 JavaThread "Cache worker for dependencies-accessors (D:\AndroidProjects\4\.gradle\7.0.2\dependencies-accessors)" [_thread_blocked, id=15192, stack(0x0000006f9f600000,0x0000006f9f700000)]
  0x0000021f9a186000 JavaThread "jar transforms Thread 3" [_thread_blocked, id=1476, stack(0x0000006f9f700000,0x0000006f9f800000)]
  0x0000021f9b328000 JavaThread "Cache worker for Build Output Cleanup Cache (D:\AndroidProjects\4\.gradle\buildOutputCleanup)" [_thread_blocked, id=28960, stack(0x0000006f9f800000,0x0000006f9f900000)]
  0x0000021f9b327000 JavaThread "Build operations" [_thread_blocked, id=13784, stack(0x0000006f9f900000,0x0000006f9fa00000)]
  0x0000021f9b32a000 JavaThread "Build operations Thread 2" [_thread_blocked, id=29308, stack(0x0000006f9fa00000,0x0000006f9fb00000)]
  0x0000021f9b326000 JavaThread "Build operations Thread 3" [_thread_blocked, id=5448, stack(0x0000006f9fb00000,0x0000006f9fc00000)]
  0x0000021f9b32b000 JavaThread "Build operations Thread 4" [_thread_blocked, id=10580, stack(0x0000006f9fc00000,0x0000006f9fd00000)]
  0x0000021f9b32d800 JavaThread "Build operations Thread 5" [_thread_blocked, id=29304, stack(0x0000006f9fd00000,0x0000006f9fe00000)]
  0x0000021f9b32c800 JavaThread "Build operations Thread 6" [_thread_blocked, id=26616, stack(0x0000006f9fe00000,0x0000006f9ff00000)]
  0x0000021f9b32e800 JavaThread "Build operations Thread 7" [_thread_blocked, id=27428, stack(0x0000006f9ff00000,0x0000006fa0000000)]
  0x0000021f9b32c000 JavaThread "Build operations Thread 8" [_thread_blocked, id=13596, stack(0x0000006fa0000000,0x0000006fa0100000)]
  0x0000021f9b328800 JavaThread "Build operations Thread 9" [_thread_blocked, id=14404, stack(0x0000006fa0100000,0x0000006fa0200000)]
  0x0000021f9b32f000 JavaThread "Build operations Thread 10" [_thread_blocked, id=29828, stack(0x0000006fa0200000,0x0000006fa0300000)]
  0x0000021f9b329800 JavaThread "Build operations Thread 11" [_thread_blocked, id=26400, stack(0x0000006fa0300000,0x0000006fa0400000)]
  0x0000021f9b332800 JavaThread "Build operations Thread 12" [_thread_blocked, id=30616, stack(0x0000006fa0400000,0x0000006fa0500000)]
  0x0000021f9b334000 JavaThread "jar transforms Thread 4" [_thread_blocked, id=19204, stack(0x0000006fa0500000,0x0000006fa0600000)]
  0x0000021f9b335000 JavaThread "jar transforms Thread 5" [_thread_blocked, id=27048, stack(0x0000006fa0600000,0x0000006fa0700000)]
  0x0000021f9b331800 JavaThread "jar transforms Thread 6" [_thread_blocked, id=21940, stack(0x0000006fa0700000,0x0000006fa0800000)]
  0x0000021f9b331000 JavaThread "jar transforms Thread 7" [_thread_blocked, id=27100, stack(0x0000006fa0800000,0x0000006fa0900000)]
  0x0000021f9b333000 JavaThread "jar transforms Thread 8" [_thread_blocked, id=28784, stack(0x0000006fa0900000,0x0000006fa0a00000)]
  0x0000021f9b330000 JavaThread "jar transforms Thread 9" [_thread_blocked, id=20940, stack(0x0000006fa0a00000,0x0000006fa0b00000)]
  0x0000021f9b8b1800 JavaThread "jar transforms Thread 10" [_thread_blocked, id=21324, stack(0x0000006fa0b00000,0x0000006fa0c00000)]
  0x0000021f9b8b3800 JavaThread "jar transforms Thread 11" [_thread_blocked, id=20280, stack(0x0000006fa0c00000,0x0000006fa0d00000)]
  0x0000021f9b8b0800 JavaThread "jar transforms Thread 12" [_thread_blocked, id=28264, stack(0x0000006fa0d00000,0x0000006fa0e00000)]

Other Threads:
  0x0000021f96feb000 VMThread "VM Thread" [stack: 0x0000006f9c900000,0x0000006f9ca00000] [id=15884]
  0x0000021f979f8000 WatcherThread [stack: 0x0000006f9d300000,0x0000006f9d400000] [id=11084]
  0x0000021ffbf62800 GCTaskThread "GC Thread#0" [stack: 0x0000006f9c400000,0x0000006f9c500000] [id=22988]
  0x0000021f9803d800 GCTaskThread "GC Thread#1" [stack: 0x0000006f9d500000,0x0000006f9d600000] [id=30636]
  0x0000021f982a3800 GCTaskThread "GC Thread#2" [stack: 0x0000006f9d600000,0x0000006f9d700000] [id=27620]
  0x0000021f99297800 GCTaskThread "GC Thread#3" [stack: 0x0000006f9e000000,0x0000006f9e100000] [id=30016]
  0x0000021f9a131000 GCTaskThread "GC Thread#4" [stack: 0x0000006f9e100000,0x0000006f9e200000] [id=18288]
  0x0000021f98729000 GCTaskThread "GC Thread#5" [stack: 0x0000006f9e200000,0x0000006f9e300000] [id=23768]
  0x0000021f9872f000 GCTaskThread "GC Thread#6" [stack: 0x0000006f9e300000,0x0000006f9e400000] [id=1088]
  0x0000021f988bb000 GCTaskThread "GC Thread#7" [stack: 0x0000006f9e400000,0x0000006f9e500000] [id=7804]
  0x0000021f988bb800 GCTaskThread "GC Thread#8" [stack: 0x0000006f9e500000,0x0000006f9e600000] [id=26628]
  0x0000021f988bc800 GCTaskThread "GC Thread#9" [stack: 0x0000006f9e600000,0x0000006f9e700000] [id=13796]
  0x0000021ffbf98000 ConcurrentGCThread "G1 Main Marker" [stack: 0x0000006f9c500000,0x0000006f9c600000] [id=11632]
  0x0000021ffbf99000 ConcurrentGCThread "G1 Conc#0" [stack: 0x0000006f9c600000,0x0000006f9c700000] [id=28496]
  0x0000021f9a1d5000 ConcurrentGCThread "G1 Conc#1" [stack: 0x0000006f9e900000,0x0000006f9ea00000] [id=4716]
  0x0000021f98b62000 ConcurrentGCThread "G1 Conc#2" [stack: 0x0000006f9ea00000,0x0000006f9eb00000] [id=8144]
  0x0000021ffc02e800 ConcurrentGCThread "G1 Refine#0" [stack: 0x0000006f9c700000,0x0000006f9c800000] [id=16272]
  0x0000021f96e32800 ConcurrentGCThread "G1 Young RemSet Sampling" [stack: 0x0000006f9c800000,0x0000006f9c900000] [id=15948]

Threads with active compile tasks:
C2 CompilerThread0   5879 4892       4       org.objectweb.asm.Frame::execute (2318 bytes)
C1 CompilerThread0   5879 5005       2       java.lang.invoke.BoundMethodHandle::rebind (14 bytes)

VM state:not at safepoint (normal execution)

VM Mutex/Monitor currently owned by a thread:  ([mutex/lock_event])
[0x0000021ffbf463d0] CodeCache_lock - owner thread: 0x0000000000000000

Heap address: 0x0000000080000000, size: 2048 MB, Compressed Oops mode: 32-bit
Narrow klass base: 0x0000000000000000, Narrow klass shift: 3
Compressed class space size: 1073741824 Address: 0x0000000100000000

Heap:
 garbage-first heap   total 157696K, used 57463K [0x0000000080000000, 0x0000000100000000)
  region size 1024K, 26 young (26624K), 9 survivors (9216K)
 Metaspace       used 51357K, capacity 52703K, committed 52812K, reserved 1095680K
  class space    used 6540K, capacity 6982K, committed 6988K, reserved 1048576K
Heap Regions: E=young(eden), S=young(survivor), O=old, HS=humongous(starts), HC=humongous(continues), CS=collection set, F=free, A=archive, TAMS=top-at-mark-start (previous, next)
|   0|0x0000000080000000, 0x0000000080100000, 0x0000000080100000|100%| O|  |TAMS 0x0000000080100000, 0x0000000080000000| Untracked 
|   1|0x0000000080100000, 0x0000000080200000, 0x0000000080200000|100%| O|  |TAMS 0x0000000080200000, 0x0000000080100000| Untracked 
|   2|0x0000000080200000, 0x0000000080300000, 0x0000000080300000|100%| O|  |TAMS 0x0000000080300000, 0x0000000080200000| Untracked 
|   3|0x0000000080300000, 0x0000000080400000, 0x0000000080400000|100%|HS|  |TAMS 0x0000000080400000, 0x0000000080300000| Complete 
|   4|0x0000000080400000, 0x0000000080500000, 0x0000000080500000|100%|HC|  |TAMS 0x0000000080500000, 0x0000000080400000| Complete 
|   5|0x0000000080500000, 0x0000000080600000, 0x0000000080600000|100%|HC|  |TAMS 0x0000000080600000, 0x0000000080500000| Complete 
|   6|0x0000000080600000, 0x0000000080700000, 0x0000000080700000|100%| O|  |TAMS 0x0000000080700000, 0x0000000080600000| Untracked 
|   7|0x0000000080700000, 0x0000000080800000, 0x0000000080800000|100%| O|  |TAMS 0x0000000080800000, 0x0000000080700000| Untracked 
|   8|0x0000000080800000, 0x0000000080900000, 0x0000000080900000|100%| O|  |TAMS 0x0000000080900000, 0x0000000080800000| Untracked 
|   9|0x0000000080900000, 0x0000000080a00000, 0x0000000080a00000|100%| O|  |TAMS 0x0000000080a00000, 0x0000000080900000| Untracked 
|  10|0x0000000080a00000, 0x0000000080b00000, 0x0000000080b00000|100%| O|  |TAMS 0x0000000080b00000, 0x0000000080a00000| Untracked 
|  11|0x0000000080b00000, 0x0000000080c00000, 0x0000000080c00000|100%| O|  |TAMS 0x0000000080c00000, 0x0000000080b00000| Untracked 
|  12|0x0000000080c00000, 0x0000000080d00000, 0x0000000080d00000|100%| O|  |TAMS 0x0000000080d00000, 0x0000000080c00000| Untracked 
|  13|0x0000000080d00000, 0x0000000080e00000, 0x0000000080e00000|100%| O|  |TAMS 0x0000000080e00000, 0x0000000080d00000| Untracked 
|  14|0x0000000080e00000, 0x0000000080f00000, 0x0000000080f00000|100%| O|  |TAMS 0x0000000080f00000, 0x0000000080e00000| Untracked 
|  15|0x0000000080f00000, 0x0000000081000000, 0x0000000081000000|100%| O|  |TAMS 0x0000000080fbc200, 0x0000000080f00000| Untracked 
|  16|0x0000000081000000, 0x0000000081100000, 0x0000000081100000|100%|HS|  |TAMS 0x0000000081000000, 0x0000000081000000| Complete 
|  17|0x0000000081100000, 0x0000000081200000, 0x0000000081200000|100%| O|  |TAMS 0x0000000081100000, 0x0000000081100000| Untracked 
|  18|0x0000000081200000, 0x0000000081300000, 0x0000000081300000|100%| O|  |TAMS 0x0000000081200000, 0x0000000081200000| Untracked 
|  19|0x0000000081300000, 0x0000000081400000, 0x0000000081400000|100%| O|  |TAMS 0x0000000081300000, 0x0000000081300000| Untracked 
|  20|0x0000000081400000, 0x0000000081500000, 0x0000000081500000|100%| O|  |TAMS 0x0000000081400000, 0x0000000081400000| Untracked 
|  21|0x0000000081500000, 0x0000000081600000, 0x0000000081600000|100%| O|  |TAMS 0x0000000081500000, 0x0000000081500000| Untracked 
|  22|0x0000000081600000, 0x0000000081700000, 0x0000000081700000|100%| O|  |TAMS 0x0000000081600000, 0x0000000081600000| Untracked 
|  23|0x0000000081700000, 0x0000000081800000, 0x0000000081800000|100%| O|  |TAMS 0x0000000081700000, 0x0000000081700000| Untracked 
|  24|0x0000000081800000, 0x0000000081900000, 0x0000000081900000|100%| O|  |TAMS 0x0000000081800000, 0x0000000081800000| Untracked 
|  25|0x0000000081900000, 0x0000000081a00000, 0x0000000081a00000|100%| O|  |TAMS 0x0000000081900000, 0x0000000081900000| Untracked 
|  26|0x0000000081a00000, 0x0000000081b00000, 0x0000000081b00000|100%| O|  |TAMS 0x0000000081a00000, 0x0000000081a00000| Untracked 
|  27|0x0000000081b00000, 0x0000000081c00000, 0x0000000081c00000|100%|HS|  |TAMS 0x0000000081b00000, 0x0000000081b00000| Complete 
|  28|0x0000000081c00000, 0x0000000081d00000, 0x0000000081d00000|100%|HS|  |TAMS 0x0000000081c00000, 0x0000000081c00000| Complete 
|  29|0x0000000081d00000, 0x0000000081e00000, 0x0000000081e00000|100%|HC|  |TAMS 0x0000000081d00000, 0x0000000081d00000| Complete 
|  30|0x0000000081e00000, 0x0000000081f00000, 0x0000000081f00000|100%| O|  |TAMS 0x0000000081e00000, 0x0000000081e00000| Untracked 
|  31|0x0000000081f00000, 0x0000000081f1de00, 0x0000000082000000| 11%| O|  |TAMS 0x0000000081f00000, 0x0000000081f00000| Untracked 
|  32|0x0000000082000000, 0x0000000082000000, 0x0000000082100000|  0%| F|  |TAMS 0x0000000082000000, 0x0000000082000000| Untracked 
|  33|0x0000000082100000, 0x0000000082100000, 0x0000000082200000|  0%| F|  |TAMS 0x0000000082100000, 0x0000000082100000| Untracked 
|  34|0x0000000082200000, 0x0000000082200000, 0x0000000082300000|  0%| F|  |TAMS 0x0000000082200000, 0x0000000082200000| Untracked 
|  35|0x0000000082300000, 0x0000000082300000, 0x0000000082400000|  0%| F|  |TAMS 0x0000000082300000, 0x0000000082300000| Untracked 
|  36|0x0000000082400000, 0x0000000082400000, 0x0000000082500000|  0%| F|  |TAMS 0x0000000082400000, 0x0000000082400000| Untracked 
|  37|0x0000000082500000, 0x0000000082500000, 0x0000000082600000|  0%| F|  |TAMS 0x0000000082500000, 0x0000000082500000| Untracked 
|  38|0x0000000082600000, 0x0000000082600000, 0x0000000082700000|  0%| F|  |TAMS 0x0000000082600000, 0x0000000082600000| Untracked 
|  39|0x0000000082700000, 0x0000000082700000, 0x0000000082800000|  0%| F|  |TAMS 0x0000000082700000, 0x0000000082700000| Untracked 
|  40|0x0000000082800000, 0x0000000082800000, 0x0000000082900000|  0%| F|  |TAMS 0x0000000082800000, 0x0000000082800000| Untracked 
|  41|0x0000000082900000, 0x0000000082900000, 0x0000000082a00000|  0%| F|  |TAMS 0x0000000082900000, 0x0000000082900000| Untracked 
|  42|0x0000000082a00000, 0x0000000082a00000, 0x0000000082b00000|  0%| F|  |TAMS 0x0000000082a00000, 0x0000000082a00000| Untracked 
|  43|0x0000000082b00000, 0x0000000082b00000, 0x0000000082c00000|  0%| F|  |TAMS 0x0000000082b00000, 0x0000000082b00000| Untracked 
|  44|0x0000000082c00000, 0x0000000082c00000, 0x0000000082d00000|  0%| F|  |TAMS 0x0000000082c00000, 0x0000000082c00000| Untracked 
|  45|0x0000000082d00000, 0x0000000082d00000, 0x0000000082e00000|  0%| F|  |TAMS 0x0000000082d00000, 0x0000000082d00000| Untracked 
|  46|0x0000000082e00000, 0x0000000082e00000, 0x0000000082f00000|  0%| F|  |TAMS 0x0000000082e00000, 0x0000000082e00000| Untracked 
|  47|0x0000000082f00000, 0x0000000082f00000, 0x0000000083000000|  0%| F|  |TAMS 0x0000000082f00000, 0x0000000082f00000| Untracked 
|  48|0x0000000083000000, 0x0000000083000000, 0x0000000083100000|  0%| F|  |TAMS 0x0000000083000000, 0x0000000083000000| Untracked 
|  49|0x0000000083100000, 0x0000000083100000, 0x0000000083200000|  0%| F|  |TAMS 0x0000000083100000, 0x0000000083100000| Untracked 
|  50|0x0000000083200000, 0x0000000083200000, 0x0000000083300000|  0%| F|  |TAMS 0x0000000083200000, 0x0000000083200000| Untracked 
|  51|0x0000000083300000, 0x0000000083300000, 0x0000000083400000|  0%| F|  |TAMS 0x0000000083300000, 0x0000000083300000| Untracked 
|  52|0x0000000083400000, 0x0000000083400000, 0x0000000083500000|  0%| F|  |TAMS 0x0000000083400000, 0x0000000083400000| Untracked 
|  53|0x0000000083500000, 0x0000000083600000, 0x0000000083600000|100%| S|CS|TAMS 0x0000000083500000, 0x0000000083500000| Complete 
|  54|0x0000000083600000, 0x0000000083700000, 0x0000000083700000|100%| S|CS|TAMS 0x0000000083600000, 0x0000000083600000| Complete 
|  55|0x0000000083700000, 0x0000000083800000, 0x0000000083800000|100%| S|CS|TAMS 0x0000000083700000, 0x0000000083700000| Complete 
|  56|0x0000000083800000, 0x0000000083900000, 0x0000000083900000|100%| S|CS|TAMS 0x0000000083800000, 0x0000000083800000| Complete 
|  57|0x0000000083900000, 0x0000000083a00000, 0x0000000083a00000|100%| S|CS|TAMS 0x0000000083900000, 0x0000000083900000| Complete 
|  58|0x0000000083a00000, 0x0000000083b00000, 0x0000000083b00000|100%| S|CS|TAMS 0x0000000083a00000, 0x0000000083a00000| Complete 
|  59|0x0000000083b00000, 0x0000000083c00000, 0x0000000083c00000|100%| S|CS|TAMS 0x0000000083b00000, 0x0000000083b00000| Complete 
|  60|0x0000000083c00000, 0x0000000083d00000, 0x0000000083d00000|100%| S|CS|TAMS 0x0000000083c00000, 0x0000000083c00000| Complete 
|  61|0x0000000083d00000, 0x0000000083e00000, 0x0000000083e00000|100%| S|CS|TAMS 0x0000000083d00000, 0x0000000083d00000| Complete 
|  62|0x0000000083e00000, 0x0000000083e00000, 0x0000000083f00000|  0%| F|  |TAMS 0x0000000083e00000, 0x0000000083e00000| Untracked 
|  63|0x0000000083f00000, 0x0000000083f00000, 0x0000000084000000|  0%| F|  |TAMS 0x0000000083f00000, 0x0000000083f00000| Untracked 
|  64|0x0000000084000000, 0x0000000084000000, 0x0000000084100000|  0%| F|  |TAMS 0x0000000084000000, 0x0000000084000000| Untracked 
|  65|0x0000000084100000, 0x0000000084100000, 0x0000000084200000|  0%| F|  |TAMS 0x0000000084100000, 0x0000000084100000| Untracked 
|  66|0x0000000084200000, 0x0000000084200000, 0x0000000084300000|  0%| F|  |TAMS 0x0000000084200000, 0x0000000084200000| Untracked 
|  67|0x0000000084300000, 0x0000000084300000, 0x0000000084400000|  0%| F|  |TAMS 0x0000000084300000, 0x0000000084300000| Untracked 
|  68|0x0000000084400000, 0x0000000084400000, 0x0000000084500000|  0%| F|  |TAMS 0x0000000084400000, 0x0000000084400000| Untracked 
|  69|0x0000000084500000, 0x0000000084500000, 0x0000000084600000|  0%| F|  |TAMS 0x0000000084500000, 0x0000000084500000| Untracked 
|  70|0x0000000084600000, 0x0000000084600000, 0x0000000084700000|  0%| F|  |TAMS 0x0000000084600000, 0x0000000084600000| Untracked 
|  71|0x0000000084700000, 0x0000000084700000, 0x0000000084800000|  0%| F|  |TAMS 0x0000000084700000, 0x0000000084700000| Untracked 
|  72|0x0000000084800000, 0x0000000084800000, 0x0000000084900000|  0%| F|  |TAMS 0x0000000084800000, 0x0000000084800000| Untracked 
|  73|0x0000000084900000, 0x0000000084900000, 0x0000000084a00000|  0%| F|  |TAMS 0x0000000084900000, 0x0000000084900000| Untracked 
|  74|0x0000000084a00000, 0x0000000084a00000, 0x0000000084b00000|  0%| F|  |TAMS 0x0000000084a00000, 0x0000000084a00000| Untracked 
|  75|0x0000000084b00000, 0x0000000084b00000, 0x0000000084c00000|  0%| F|  |TAMS 0x0000000084b00000, 0x0000000084b00000| Untracked 
|  76|0x0000000084c00000, 0x0000000084c00000, 0x0000000084d00000|  0%| F|  |TAMS 0x0000000084c00000, 0x0000000084c00000| Untracked 
|  77|0x0000000084d00000, 0x0000000084d00000, 0x0000000084e00000|  0%| F|  |TAMS 0x0000000084d00000, 0x0000000084d00000| Untracked 
|  78|0x0000000084e00000, 0x0000000084e00000, 0x0000000084f00000|  0%| F|  |TAMS 0x0000000084e00000, 0x0000000084e00000| Untracked 
|  79|0x0000000084f00000, 0x0000000084f00000, 0x0000000085000000|  0%| F|  |TAMS 0x0000000084f00000, 0x0000000084f00000| Untracked 
|  80|0x0000000085000000, 0x0000000085000000, 0x0000000085100000|  0%| F|  |TAMS 0x0000000085000000, 0x0000000085000000| Untracked 
|  81|0x0000000085100000, 0x0000000085100000, 0x0000000085200000|  0%| F|  |TAMS 0x0000000085100000, 0x0000000085100000| Untracked 
|  82|0x0000000085200000, 0x0000000085200000, 0x0000000085300000|  0%| F|  |TAMS 0x0000000085200000, 0x0000000085200000| Untracked 
|  83|0x0000000085300000, 0x0000000085300000, 0x0000000085400000|  0%| F|  |TAMS 0x0000000085300000, 0x0000000085300000| Untracked 
|  84|0x0000000085400000, 0x0000000085400000, 0x0000000085500000|  0%| F|  |TAMS 0x0000000085400000, 0x0000000085400000| Untracked 
|  85|0x0000000085500000, 0x0000000085500000, 0x0000000085600000|  0%| F|  |TAMS 0x0000000085500000, 0x0000000085500000| Untracked 
|  86|0x0000000085600000, 0x0000000085600000, 0x0000000085700000|  0%| F|  |TAMS 0x0000000085600000, 0x0000000085600000| Untracked 
|  87|0x0000000085700000, 0x0000000085700000, 0x0000000085800000|  0%| F|  |TAMS 0x0000000085700000, 0x0000000085700000| Untracked 
|  88|0x0000000085800000, 0x0000000085800000, 0x0000000085900000|  0%| F|  |TAMS 0x0000000085800000, 0x0000000085800000| Untracked 
|  89|0x0000000085900000, 0x0000000085900000, 0x0000000085a00000|  0%| F|  |TAMS 0x0000000085900000, 0x0000000085900000| Untracked 
|  90|0x0000000085a00000, 0x0000000085a00000, 0x0000000085b00000|  0%| F|  |TAMS 0x0000000085a00000, 0x0000000085a00000| Untracked 
|  91|0x0000000085b00000, 0x0000000085b00000, 0x0000000085c00000|  0%| F|  |TAMS 0x0000000085b00000, 0x0000000085b00000| Untracked 
|  92|0x0000000085c00000, 0x0000000085c00000, 0x0000000085d00000|  0%| F|  |TAMS 0x0000000085c00000, 0x0000000085c00000| Untracked 
|  93|0x0000000085d00000, 0x0000000085d00000, 0x0000000085e00000|  0%| F|  |TAMS 0x0000000085d00000, 0x0000000085d00000| Untracked 
|  94|0x0000000085e00000, 0x0000000085e00000, 0x0000000085f00000|  0%| F|  |TAMS 0x0000000085e00000, 0x0000000085e00000| Untracked 
|  95|0x0000000085f00000, 0x0000000085f00000, 0x0000000086000000|  0%| F|  |TAMS 0x0000000085f00000, 0x0000000085f00000| Untracked 
|  96|0x0000000086000000, 0x0000000086000000, 0x0000000086100000|  0%| F|  |TAMS 0x0000000086000000, 0x0000000086000000| Untracked 
|  97|0x0000000086100000, 0x0000000086100000, 0x0000000086200000|  0%| F|  |TAMS 0x0000000086100000, 0x0000000086100000| Untracked 
|  98|0x0000000086200000, 0x0000000086200000, 0x0000000086300000|  0%| F|  |TAMS 0x0000000086200000, 0x0000000086200000| Untracked 
|  99|0x0000000086300000, 0x0000000086300000, 0x0000000086400000|  0%| F|  |TAMS 0x0000000086300000, 0x0000000086300000| Untracked 
| 100|0x0000000086400000, 0x0000000086400000, 0x0000000086500000|  0%| F|  |TAMS 0x0000000086400000, 0x0000000086400000| Untracked 
| 101|0x0000000086500000, 0x0000000086500000, 0x0000000086600000|  0%| F|  |TAMS 0x0000000086500000, 0x0000000086500000| Untracked 
| 102|0x0000000086600000, 0x0000000086600000, 0x0000000086700000|  0%| F|  |TAMS 0x0000000086600000, 0x0000000086600000| Untracked 
| 103|0x0000000086700000, 0x0000000086700000, 0x0000000086800000|  0%| F|  |TAMS 0x0000000086700000, 0x0000000086700000| Untracked 
| 104|0x0000000086800000, 0x0000000086800000, 0x0000000086900000|  0%| F|  |TAMS 0x0000000086800000, 0x0000000086800000| Untracked 
| 105|0x0000000086900000, 0x0000000086900000, 0x0000000086a00000|  0%| F|  |TAMS 0x0000000086900000, 0x0000000086900000| Untracked 
| 106|0x0000000086a00000, 0x0000000086a00000, 0x0000000086b00000|  0%| F|  |TAMS 0x0000000086a00000, 0x0000000086a00000| Untracked 
| 107|0x0000000086b00000, 0x0000000086b00000, 0x0000000086c00000|  0%| F|  |TAMS 0x0000000086b00000, 0x0000000086b00000| Untracked 
| 108|0x0000000086c00000, 0x0000000086c00000, 0x0000000086d00000|  0%| F|  |TAMS 0x0000000086c00000, 0x0000000086c00000| Untracked 
| 109|0x0000000086d00000, 0x0000000086d00000, 0x0000000086e00000|  0%| F|  |TAMS 0x0000000086d00000, 0x0000000086d00000| Untracked 
| 110|0x0000000086e00000, 0x0000000086e00000, 0x0000000086f00000|  0%| F|  |TAMS 0x0000000086e00000, 0x0000000086e00000| Untracked 
| 111|0x0000000086f00000, 0x0000000086f00000, 0x0000000087000000|  0%| F|  |TAMS 0x0000000086f00000, 0x0000000086f00000| Untracked 
| 112|0x0000000087000000, 0x0000000087000000, 0x0000000087100000|  0%| F|  |TAMS 0x0000000087000000, 0x0000000087000000| Untracked 
| 113|0x0000000087100000, 0x0000000087100000, 0x0000000087200000|  0%| F|  |TAMS 0x0000000087100000, 0x0000000087100000| Untracked 
| 114|0x0000000087200000, 0x0000000087200000, 0x0000000087300000|  0%| F|  |TAMS 0x0000000087200000, 0x0000000087200000| Untracked 
| 115|0x0000000087300000, 0x0000000087300000, 0x0000000087400000|  0%| F|  |TAMS 0x0000000087300000, 0x0000000087300000| Untracked 
| 116|0x0000000087400000, 0x0000000087400000, 0x0000000087500000|  0%| F|  |TAMS 0x0000000087400000, 0x0000000087400000| Untracked 
| 117|0x0000000087500000, 0x0000000087500000, 0x0000000087600000|  0%| F|  |TAMS 0x0000000087500000, 0x0000000087500000| Untracked 
| 118|0x0000000087600000, 0x0000000087600000, 0x0000000087700000|  0%| F|  |TAMS 0x0000000087600000, 0x0000000087600000| Untracked 
| 119|0x0000000087700000, 0x0000000087700000, 0x0000000087800000|  0%| F|  |TAMS 0x0000000087700000, 0x0000000087700000| Untracked 
| 120|0x0000000087800000, 0x0000000087800000, 0x0000000087900000|  0%| F|  |TAMS 0x0000000087800000, 0x0000000087800000| Untracked 
| 121|0x0000000087900000, 0x0000000087900000, 0x0000000087a00000|  0%| F|  |TAMS 0x0000000087900000, 0x0000000087900000| Untracked 
| 122|0x0000000087a00000, 0x0000000087a00000, 0x0000000087b00000|  0%| F|  |TAMS 0x0000000087a00000, 0x0000000087a00000| Untracked 
| 123|0x0000000087b00000, 0x0000000087b00000, 0x0000000087c00000|  0%| F|  |TAMS 0x0000000087b00000, 0x0000000087b00000| Untracked 
| 124|0x0000000087c00000, 0x0000000087c00000, 0x0000000087d00000|  0%| F|  |TAMS 0x0000000087c00000, 0x0000000087c00000| Untracked 
| 125|0x0000000087d00000, 0x0000000087d00000, 0x0000000087e00000|  0%| F|  |TAMS 0x0000000087d00000, 0x0000000087d00000| Untracked 
| 126|0x0000000087e00000, 0x0000000087e00000, 0x0000000087f00000|  0%| F|  |TAMS 0x0000000087e00000, 0x0000000087e00000| Untracked 
| 127|0x0000000087f00000, 0x0000000087f00000, 0x0000000088000000|  0%| F|  |TAMS 0x0000000087f00000, 0x0000000087f00000| Untracked 
| 128|0x0000000088000000, 0x0000000088000000, 0x0000000088100000|  0%| F|  |TAMS 0x0000000088000000, 0x0000000088000000| Untracked 
| 129|0x0000000088100000, 0x0000000088100000, 0x0000000088200000|  0%| F|  |TAMS 0x0000000088100000, 0x0000000088100000| Untracked 
| 130|0x0000000088200000, 0x0000000088200000, 0x0000000088300000|  0%| F|  |TAMS 0x0000000088200000, 0x0000000088200000| Untracked 
| 131|0x0000000088300000, 0x0000000088300000, 0x0000000088400000|  0%| F|  |TAMS 0x0000000088300000, 0x0000000088300000| Untracked 
| 132|0x0000000088400000, 0x0000000088400000, 0x0000000088500000|  0%| F|  |TAMS 0x0000000088400000, 0x0000000088400000| Untracked 
| 133|0x0000000088500000, 0x0000000088500000, 0x0000000088600000|  0%| F|  |TAMS 0x0000000088500000, 0x0000000088500000| Untracked 
| 134|0x0000000088600000, 0x0000000088600000, 0x0000000088700000|  0%| F|  |TAMS 0x0000000088600000, 0x0000000088600000| Untracked 
| 135|0x0000000088700000, 0x0000000088700000, 0x0000000088800000|  0%| F|  |TAMS 0x0000000088700000, 0x0000000088700000| Untracked 
| 136|0x0000000088800000, 0x0000000088800000, 0x0000000088900000|  0%| F|  |TAMS 0x0000000088800000, 0x0000000088800000| Untracked 
| 137|0x0000000088900000, 0x0000000088a00000, 0x0000000088a00000|100%| E|  |TAMS 0x0000000088900000, 0x0000000088900000| Complete 
| 138|0x0000000088a00000, 0x0000000088b00000, 0x0000000088b00000|100%| E|CS|TAMS 0x0000000088a00000, 0x0000000088a00000| Complete 
| 139|0x0000000088b00000, 0x0000000088c00000, 0x0000000088c00000|100%| E|CS|TAMS 0x0000000088b00000, 0x0000000088b00000| Complete 
| 140|0x0000000088c00000, 0x0000000088d00000, 0x0000000088d00000|100%| E|CS|TAMS 0x0000000088c00000, 0x0000000088c00000| Complete 
| 141|0x0000000088d00000, 0x0000000088e00000, 0x0000000088e00000|100%| E|CS|TAMS 0x0000000088d00000, 0x0000000088d00000| Complete 
| 142|0x0000000088e00000, 0x0000000088f00000, 0x0000000088f00000|100%| E|CS|TAMS 0x0000000088e00000, 0x0000000088e00000| Complete 
| 143|0x0000000088f00000, 0x0000000089000000, 0x0000000089000000|100%| E|CS|TAMS 0x0000000088f00000, 0x0000000088f00000| Complete 
| 144|0x0000000089000000, 0x0000000089100000, 0x0000000089100000|100%| E|CS|TAMS 0x0000000089000000, 0x0000000089000000| Complete 
| 145|0x0000000089100000, 0x0000000089200000, 0x0000000089200000|100%| E|CS|TAMS 0x0000000089100000, 0x0000000089100000| Complete 
| 146|0x0000000089200000, 0x0000000089300000, 0x0000000089300000|100%| E|CS|TAMS 0x0000000089200000, 0x0000000089200000| Complete 
| 147|0x0000000089300000, 0x0000000089400000, 0x0000000089400000|100%| E|CS|TAMS 0x0000000089300000, 0x0000000089300000| Complete 
| 148|0x0000000089400000, 0x0000000089500000, 0x0000000089500000|100%| E|CS|TAMS 0x0000000089400000, 0x0000000089400000| Complete 
| 149|0x0000000089500000, 0x0000000089600000, 0x0000000089600000|100%| E|CS|TAMS 0x0000000089500000, 0x0000000089500000| Complete 
| 150|0x0000000089600000, 0x0000000089700000, 0x0000000089700000|100%| E|CS|TAMS 0x0000000089600000, 0x0000000089600000| Complete 
| 151|0x0000000089700000, 0x0000000089800000, 0x0000000089800000|100%| E|CS|TAMS 0x0000000089700000, 0x0000000089700000| Complete 
| 152|0x0000000089800000, 0x0000000089900000, 0x0000000089900000|100%| E|CS|TAMS 0x0000000089800000, 0x0000000089800000| Complete 
| 153|0x0000000089900000, 0x0000000089a00000, 0x0000000089a00000|100%| E|CS|TAMS 0x0000000089900000, 0x0000000089900000| Complete 

Card table byte_map: [0x0000021f8fb70000,0x0000021f8ff70000] _byte_map_base: 0x0000021f8f770000

Marking Bits (Prev, Next): (CMBitMap*) 0x0000021ffbf8ef68, (CMBitMap*) 0x0000021ffbf8efa0
 Prev Bits: [0x0000021f90370000, 0x0000021f92370000)
 Next Bits: [0x0000021f92370000, 0x0000021f94370000)

Polling page: 0x0000021ffa6c0000

Metaspace:

Usage:
  Non-class:     44.67 MB capacity,    43.80 MB ( 98%) used,   749.64 KB (  2%) free+waste,   137.44 KB ( <1%) overhead. 
      Class:      6.83 MB capacity,     6.40 MB ( 94%) used,   377.11 KB (  5%) free+waste,    65.63 KB ( <1%) overhead. 
       Both:     51.50 MB capacity,    50.20 MB ( 97%) used,     1.10 MB (  2%) free+waste,   203.06 KB ( <1%) overhead. 

Virtual space:
  Non-class space:       46.00 MB reserved,      44.75 MB ( 97%) committed 
      Class space:        1.00 GB reserved,       6.95 MB ( <1%) committed 
             Both:        1.04 GB reserved,      51.70 MB (  5%) committed 

Chunk freelists:
   Non-Class:  0 bytes
       Class:  0 bytes
        Both:  0 bytes

MaxMetaspaceSize: 17179869184.00 GB
CompressedClassSpaceSize: 1.00 GB

CodeHeap 'non-profiled nmethods': size=120000Kb used=1989Kb max_used=1989Kb free=118010Kb
 bounds [0x0000021f87ad0000, 0x0000021f87d40000, 0x0000021f8f000000]
CodeHeap 'profiled nmethods': size=120000Kb used=8939Kb max_used=8939Kb free=111060Kb
 bounds [0x0000021f805a0000, 0x0000021f80e60000, 0x0000021f87ad0000]
CodeHeap 'non-nmethods': size=5760Kb used=2228Kb max_used=2256Kb free=3531Kb
 bounds [0x0000021f80000000, 0x0000021f80270000, 0x0000021f805a0000]
 total_blobs=5739 nmethods=4935 adapters=715
 compilation: enabled
              stopped_count=0, restarted_count=0
 full_count=0

Compilation events (20 events):
Event: 5.827 Thread 0x0000021f9787a800 nmethod 4987 0x0000021f80e3ee90 code [0x0000021f80e3f060, 0x0000021f80e3f4f8]
Event: 5.827 Thread 0x0000021f9787a800 4988       3       java.util.Locale::stripExtensions (20 bytes)
Event: 5.828 Thread 0x0000021f9787a800 nmethod 4988 0x0000021f80e3f610 code [0x0000021f80e3f7e0, 0x0000021f80e3fa48]
Event: 5.828 Thread 0x0000021f9787a800 4970       3       sun.util.locale.LanguageTag::parseRegion (55 bytes)
Event: 5.828 Thread 0x0000021f9787a800 nmethod 4970 0x0000021f80e3fb10 code [0x0000021f80e3fd00, 0x0000021f80e400d8]
Event: 5.828 Thread 0x0000021f9787a800 4972       3       sun.util.locale.LanguageTag::parseExtensions (208 bytes)
Event: 5.830 Thread 0x0000021f9787a800 nmethod 4972 0x0000021f80e40210 code [0x0000021f80e40680, 0x0000021f80e42478]
Event: 5.830 Thread 0x0000021f9787a800 4973       3       sun.util.locale.LanguageTag::parsePrivateuse (144 bytes)
Event: 5.831 Thread 0x0000021f9787a800 nmethod 4973 0x0000021f80e42f10 code [0x0000021f80e43260, 0x0000021f80e44598]
Event: 5.831 Thread 0x0000021f9787a800 4989       3       java.lang.StringBuilder::append (8 bytes)
Event: 5.831 Thread 0x0000021f9787a800 nmethod 4989 0x0000021f80e44c90 code [0x0000021f80e44e40, 0x0000021f80e44f88]
Event: 5.831 Thread 0x0000021f9787a800 4974       3       sun.util.locale.InternalLocaleBuilder::setLanguageTag (172 bytes)
Event: 5.834 Thread 0x0000021f9787a800 nmethod 4974 0x0000021f80e45010 code [0x0000021f80e45600, 0x0000021f80e48f68]
Event: 5.834 Thread 0x0000021f9787a800 4990       3       java.lang.AbstractStringBuilder::append (45 bytes)
Event: 5.834 Thread 0x0000021f9787a800 nmethod 4990 0x0000021f80e49e10 code [0x0000021f80e4a040, 0x0000021f80e4a558]
Event: 5.834 Thread 0x0000021f9787a800 4975       3       sun.util.locale.InternalLocaleBuilder::clear (31 bytes)
Event: 5.834 Thread 0x0000021f9787a800 nmethod 4975 0x0000021f80e4a790 code [0x0000021f80e4a960, 0x0000021f80e4ac68]
Event: 5.834 Thread 0x0000021f9787a800 4977       3       sun.util.locale.LanguageTag::getExtlangs (24 bytes)
Event: 5.835 Thread 0x0000021f9787a800 nmethod 4977 0x0000021f80e4ad10 code [0x0000021f80e4af80, 0x0000021f80e4ba88]
Event: 5.835 Thread 0x0000021f9787a800 4978       3       sun.util.locale.InternalLocaleBuilder::setExtensions (206 bytes)

GC Heap History (16 events):
Event: 0.698 GC heap before
{Heap before GC invocations=0 (full 0):
 garbage-first heap   total 131072K, used 29696K [0x0000000080000000, 0x0000000100000000)
  region size 1024K, 24 young (24576K), 0 survivors (0K)
 Metaspace       used 10183K, capacity 10405K, committed 10624K, reserved 1058816K
  class space    used 1062K, capacity 1107K, committed 1152K, reserved 1048576K
}
Event: 0.704 GC heap after
{Heap after GC invocations=1 (full 0):
 garbage-first heap   total 131072K, used 9589K [0x0000000080000000, 0x0000000100000000)
  region size 1024K, 3 young (3072K), 3 survivors (3072K)
 Metaspace       used 10183K, capacity 10405K, committed 10624K, reserved 1058816K
  class space    used 1062K, capacity 1107K, committed 1152K, reserved 1048576K
}
Event: 2.378 GC heap before
{Heap before GC invocations=1 (full 0):
 garbage-first heap   total 131072K, used 85365K [0x0000000080000000, 0x0000000100000000)
  region size 1024K, 76 young (77824K), 3 survivors (3072K)
 Metaspace       used 17759K, capacity 18237K, committed 18432K, reserved 1064960K
  class space    used 2104K, capacity 2240K, committed 2304K, reserved 1048576K
}
Event: 2.384 GC heap after
{Heap after GC invocations=2 (full 0):
 garbage-first heap   total 131072K, used 16209K [0x0000000080000000, 0x0000000100000000)
  region size 1024K, 10 young (10240K), 10 survivors (10240K)
 Metaspace       used 17759K, capacity 18237K, committed 18432K, reserved 1064960K
  class space    used 2104K, capacity 2240K, committed 2304K, reserved 1048576K
}
Event: 2.584 GC heap before
{Heap before GC invocations=2 (full 0):
 garbage-first heap   total 131072K, used 36689K [0x0000000080000000, 0x0000000100000000)
  region size 1024K, 32 young (32768K), 10 survivors (10240K)
 Metaspace       used 20544K, capacity 21104K, committed 21248K, reserved 1067008K
  class space    used 2506K, capacity 2690K, committed 2816K, reserved 1048576K
}
Event: 2.591 GC heap after
{Heap after GC invocations=3 (full 0):
 garbage-first heap   total 131072K, used 17136K [0x0000000080000000, 0x0000000100000000)
  region size 1024K, 1 young (1024K), 1 survivors (1024K)
 Metaspace       used 20544K, capacity 21104K, committed 21248K, reserved 1067008K
  class space    used 2506K, capacity 2690K, committed 2816K, reserved 1048576K
}
Event: 3.081 GC heap before
{Heap before GC invocations=4 (full 0):
 garbage-first heap   total 131072K, used 79600K [0x0000000080000000, 0x0000000100000000)
  region size 1024K, 62 young (63488K), 1 survivors (1024K)
 Metaspace       used 26496K, capacity 27212K, committed 27392K, reserved 1073152K
  class space    used 3493K, capacity 3755K, committed 3840K, reserved 1048576K
}
Event: 3.084 GC heap after
{Heap after GC invocations=5 (full 0):
 garbage-first heap   total 131072K, used 18833K [0x0000000080000000, 0x0000000100000000)
  region size 1024K, 3 young (3072K), 3 survivors (3072K)
 Metaspace       used 26496K, capacity 27212K, committed 27392K, reserved 1073152K
  class space    used 3493K, capacity 3755K, committed 3840K, reserved 1048576K
}
Event: 3.633 GC heap before
{Heap before GC invocations=5 (full 0):
 garbage-first heap   total 131072K, used 66961K [0x0000000080000000, 0x0000000100000000)
  region size 1024K, 51 young (52224K), 3 survivors (3072K)
 Metaspace       used 35038K, capacity 35838K, committed 35840K, reserved 1081344K
  class space    used 4538K, capacity 4864K, committed 4864K, reserved 1048576K
}
Event: 3.639 GC heap after
{Heap after GC invocations=6 (full 0):
 garbage-first heap   total 131072K, used 22210K [0x0000000080000000, 0x0000000100000000)
  region size 1024K, 6 young (6144K), 6 survivors (6144K)
 Metaspace       used 35038K, capacity 35838K, committed 35840K, reserved 1081344K
  class space    used 4538K, capacity 4864K, committed 4864K, reserved 1048576K
}
Event: 4.087 GC heap before
{Heap before GC invocations=7 (full 0):
 garbage-first heap   total 131072K, used 88770K [0x0000000080000000, 0x0000000100000000)
  region size 1024K, 69 young (70656K), 6 survivors (6144K)
 Metaspace       used 39604K, capacity 40598K, committed 40780K, reserved 1085440K
  class space    used 5064K, capacity 5422K, committed 5452K, reserved 1048576K
}
Event: 4.094 GC heap after
{Heap after GC invocations=8 (full 0):
 garbage-first heap   total 131072K, used 27404K [0x0000000080000000, 0x0000000100000000)
  region size 1024K, 9 young (9216K), 9 survivors (9216K)
 Metaspace       used 39604K, capacity 40598K, committed 40780K, reserved 1085440K
  class space    used 5064K, capacity 5422K, committed 5452K, reserved 1048576K
}
Event: 4.628 GC heap before
{Heap before GC invocations=8 (full 0):
 garbage-first heap   total 131072K, used 90892K [0x0000000080000000, 0x0000000100000000)
  region size 1024K, 71 young (72704K), 9 survivors (9216K)
 Metaspace       used 45259K, capacity 46415K, committed 46540K, reserved 1089536K
  class space    used 5815K, capacity 6227K, committed 6348K, reserved 1048576K
}
Event: 4.635 GC heap after
{Heap after GC invocations=9 (full 0):
 garbage-first heap   total 131072K, used 28917K [0x0000000080000000, 0x0000000100000000)
  region size 1024K, 3 young (3072K), 3 survivors (3072K)
 Metaspace       used 45259K, capacity 46415K, committed 46540K, reserved 1089536K
  class space    used 5815K, capacity 6227K, committed 6348K, reserved 1048576K
}
Event: 5.604 GC heap before
{Heap before GC invocations=9 (full 0):
 garbage-first heap   total 131072K, used 97525K [0x0000000080000000, 0x0000000100000000)
  region size 1024K, 66 young (67584K), 3 survivors (3072K)
 Metaspace       used 49052K, capacity 50406K, committed 50636K, reserved 1093632K
  class space    used 6269K, capacity 6750K, committed 6860K, reserved 1048576K
}
Event: 5.613 GC heap after
{Heap after GC invocations=10 (full 0):
 garbage-first heap   total 157696K, used 41079K [0x0000000080000000, 0x0000000100000000)
  region size 1024K, 9 young (9216K), 9 survivors (9216K)
 Metaspace       used 49052K, capacity 50406K, committed 50636K, reserved 1093632K
  class space    used 6269K, capacity 6750K, committed 6860K, reserved 1048576K
}

Deoptimization events (20 events):
Event: 5.652 Thread 0x0000021f979df000 Uncommon trap: trap_request=0xffffff45 fr.pc=0x0000021f87bf356c relative=0x000000000000020c
Event: 5.652 Thread 0x0000021f979df000 Uncommon trap: reason=unstable_fused_if action=reinterpret pc=0x0000021f87bf356c method=org.objectweb.asm.ByteVector.putUTF8(Ljava/lang/String;)Lorg/objectweb/asm/ByteVector; @ 93 c2
Event: 5.652 Thread 0x0000021f979df000 DEOPT PACKING pc=0x0000021f87bf356c sp=0x0000006f9dcf8140
Event: 5.652 Thread 0x0000021f979df000 DEOPT UNPACKING pc=0x0000021f800278af sp=0x0000006f9dcf80c0 mode 2
Event: 5.830 Thread 0x0000021f979df000 Uncommon trap: trap_request=0xffffff4d fr.pc=0x0000021f87b19644 relative=0x0000000000000484
Event: 5.830 Thread 0x0000021f979df000 Uncommon trap: reason=unstable_if action=reinterpret pc=0x0000021f87b19644 method=java.lang.AbstractStringBuilder.putStringAt(ILjava/lang/String;)V @ 8 c2
Event: 5.830 Thread 0x0000021f979df000 DEOPT PACKING pc=0x0000021f87b19644 sp=0x0000006f9dcf75c0
Event: 5.830 Thread 0x0000021f979df000 DEOPT UNPACKING pc=0x0000021f800278af sp=0x0000006f9dcf74c8 mode 2
Event: 5.830 Thread 0x0000021f979df000 Uncommon trap: trap_request=0xffffff4d fr.pc=0x0000021f87b038a8 relative=0x0000000000000468
Event: 5.830 Thread 0x0000021f979df000 Uncommon trap: reason=unstable_if action=reinterpret pc=0x0000021f87b038a8 method=java.lang.AbstractStringBuilder.putStringAt(ILjava/lang/String;)V @ 8 c2
Event: 5.830 Thread 0x0000021f979df000 DEOPT PACKING pc=0x0000021f87b038a8 sp=0x0000006f9dcf7560
Event: 5.830 Thread 0x0000021f979df000 DEOPT UNPACKING pc=0x0000021f800278af sp=0x0000006f9dcf74d0 mode 2
Event: 5.830 Thread 0x0000021f979df000 Uncommon trap: trap_request=0xffffff4d fr.pc=0x0000021f87b030ec relative=0x00000000000000cc
Event: 5.830 Thread 0x0000021f979df000 Uncommon trap: reason=unstable_if action=reinterpret pc=0x0000021f87b030ec method=java.lang.String.getBytes([BIB)V @ 5 c2
Event: 5.830 Thread 0x0000021f979df000 DEOPT PACKING pc=0x0000021f87b030ec sp=0x0000006f9dcf7480
Event: 5.830 Thread 0x0000021f979df000 DEOPT UNPACKING pc=0x0000021f800278af sp=0x0000006f9dcf7448 mode 2
Event: 5.830 Thread 0x0000021f979df000 Uncommon trap: trap_request=0xffffff4d fr.pc=0x0000021f87b55bc0 relative=0x0000000000000380
Event: 5.830 Thread 0x0000021f979df000 Uncommon trap: reason=unstable_if action=reinterpret pc=0x0000021f87b55bc0 method=java.lang.AbstractStringBuilder.isLatin1()Z @ 10 c2
Event: 5.830 Thread 0x0000021f979df000 DEOPT PACKING pc=0x0000021f87b55bc0 sp=0x0000006f9dcf75e0
Event: 5.830 Thread 0x0000021f979df000 DEOPT UNPACKING pc=0x0000021f800278af sp=0x0000006f9dcf7560 mode 2

Classes redefined (0 events):
No events

Internal exceptions (20 events):
Event: 5.409 Thread 0x0000021f979df000 Exception <a 'java/lang/ClassNotFoundException'{0x0000000084f86378}: org/gradle/api/tasks/DeleteCustomizer> (0x0000000084f86378) thrown at [./src/hotspot/share/classfile/systemDictionary.cpp, line 231]
Event: 5.410 Thread 0x0000021f979df000 Exception <a 'java/lang/ClassNotFoundException'{0x0000000084fc4758}: org/gradle/api/tasks/Delete_DecoratedCustomizer> (0x0000000084fc4758) thrown at [./src/hotspot/share/classfile/systemDictionary.cpp, line 231]
Event: 5.428 Thread 0x0000021f979df000 Exception <a 'java/lang/NoSuchMethodError'{0x0000000084edbff0}: 'long java.lang.invoke.DirectMethodHandle$Holder.invokeVirtual(java.lang.Object, java.lang.Object)'> (0x0000000084edbff0) thrown at [./src/hotspot/share/interpreter/linkResolver.cpp, line 773]
Event: 5.431 Thread 0x0000021f9a17e800 Exception <a 'java/lang/NoSuchMethodError'{0x0000000087f88d88}: <clinit>> (0x0000000087f88d88) thrown at [./src/hotspot/share/prims/jni.cpp, line 1362]
Event: 5.433 Thread 0x0000021f9a17e800 Exception <a 'java/lang/NoSuchMethodError'{0x0000000084d9ea70}: <clinit>> (0x0000000084d9ea70) thrown at [./src/hotspot/share/prims/jni.cpp, line 1362]
Event: 5.433 Thread 0x0000021f9a17e800 Exception <a 'java/lang/NoSuchMethodError'{0x0000000084d9fe10}: <clinit>> (0x0000000084d9fe10) thrown at [./src/hotspot/share/prims/jni.cpp, line 1362]
Event: 5.433 Thread 0x0000021f9a17e800 Exception <a 'java/lang/NoSuchMethodError'{0x0000000084da1118}: <clinit>> (0x0000000084da1118) thrown at [./src/hotspot/share/prims/jni.cpp, line 1362]
Event: 5.433 Thread 0x0000021f9a17e800 Exception <a 'java/lang/NoSuchMethodError'{0x0000000084da2138}: <clinit>> (0x0000000084da2138) thrown at [./src/hotspot/share/prims/jni.cpp, line 1362]
Event: 5.434 Thread 0x0000021f9a17e800 Exception <a 'java/lang/NoSuchMethodError'{0x0000000084dabf30}: <clinit>> (0x0000000084dabf30) thrown at [./src/hotspot/share/prims/jni.cpp, line 1362]
Event: 5.435 Thread 0x0000021f9a17e800 Exception <a 'java/lang/NoSuchMethodError'{0x0000000084db6408}: <clinit>> (0x0000000084db6408) thrown at [./src/hotspot/share/prims/jni.cpp, line 1362]
Event: 5.436 Thread 0x0000021f9a17e800 Exception <a 'java/lang/NoSuchMethodError'{0x0000000084dca1e0}: <clinit>> (0x0000000084dca1e0) thrown at [./src/hotspot/share/prims/jni.cpp, line 1362]
Event: 5.447 Thread 0x0000021f979df000 Exception <a 'java/lang/ClassNotFoundException'{0x0000000084c0b978}: build_4bsyaesbxtv937c6boswkt4sqBeanInfo> (0x0000000084c0b978) thrown at [./src/hotspot/share/classfile/systemDictionary.cpp, line 231]
Event: 5.447 Thread 0x0000021f979df000 Exception <a 'java/lang/ClassNotFoundException'{0x0000000084c168a0}: build_4bsyaesbxtv937c6boswkt4sqCustomizer> (0x0000000084c168a0) thrown at [./src/hotspot/share/classfile/systemDictionary.cpp, line 231]
Event: 5.454 Thread 0x0000021f979df000 Exception <a 'java/lang/ClassNotFoundException'{0x0000000084c97db8}: org/gradle/plugin/use/internal/PluginRequestCollector$PluginDependenciesSpecImplBeanInfo> (0x0000000084c97db8) thrown at [./src/hotspot/share/classfile/systemDictionary.cpp, line 231]
Event: 5.454 Thread 0x0000021f979df000 Exception <a 'java/lang/ClassNotFoundException'{0x0000000084cc5c68}: org/gradle/plugin/use/internal/PluginRequestCollector$PluginDependenciesSpecImplCustomizer> (0x0000000084cc5c68) thrown at [./src/hotspot/share/classfile/systemDictionary.cpp, line 231]
Event: 5.485 Thread 0x0000021f979df000 Exception <a 'java/lang/ClassNotFoundException'{0x000000008494cd10}: org/gradle/api/internal/plugins/DefaultObjectConfigurationActionBeanInfo> (0x000000008494cd10) thrown at [./src/hotspot/share/classfile/systemDictionary.cpp, line 231]
Event: 5.485 Thread 0x0000021f979df000 Exception <a 'java/lang/ClassNotFoundException'{0x00000000849800b0}: org/gradle/api/internal/plugins/DefaultObjectConfigurationActionCustomizer> (0x00000000849800b0) thrown at [./src/hotspot/share/classfile/systemDictionary.cpp, line 231]
Event: 5.643 Thread 0x0000021f979df000 Exception <a 'java/lang/NoSuchMethodError'{0x0000000089899d98}: 'java.lang.Object java.lang.invoke.DirectMethodHandle$Holder.invokeStatic(java.lang.Object, java.lang.Object, java.lang.Object, java.lang.Object, int)'> (0x0000000089899d98) thrown at [./src/hotspot/share/interpreter/linkResolver.cpp, line 773]
Event: 5.643 Thread 0x0000021f979df000 Exception <a 'java/lang/NoSuchMethodError'{0x000000008989e790}: 'java.lang.Object java.lang.invoke.DirectMethodHandle$Holder.invokeSpecial(java.lang.Object, java.lang.Object, java.lang.Object, java.lang.Object, java.lang.Object, int)'> (0x000000008989e790) thrown at [./src/hotspot/share/interpreter/linkResolver.cpp, line 773]
Event: 5.643 Thread 0x0000021f979df000 Exception <a 'java/lang/NoSuchMethodError'{0x00000000898a2dd0}: 'java.lang.Object java.lang.invoke.Invokers$Holder.linkToTargetMethod(java.lang.Object, java.lang.Object, java.lang.Object, int, java.lang.Object)'> (0x00000000898a2dd0) thrown at [./src/hotspot/share/interpreter/linkResolver.cpp, line 773]

Events (20 events):
Event: 5.831 loading class com/google/gson/internal/PreJava9DateFormatProvider
Event: 5.831 loading class com/google/gson/internal/PreJava9DateFormatProvider done
Event: 5.832 loading class jdk/internal/reflect/UnsafeBooleanFieldAccessorImpl
Event: 5.832 loading class jdk/internal/reflect/UnsafeBooleanFieldAccessorImpl done
Event: 5.832 loading class jdk/internal/reflect/UnsafeQualifiedBooleanFieldAccessorImpl
Event: 5.833 loading class jdk/internal/reflect/UnsafeQualifiedBooleanFieldAccessorImpl done
Event: 5.833 loading class jdk/internal/reflect/UnsafeIntegerFieldAccessorImpl
Event: 5.833 loading class jdk/internal/reflect/UnsafeIntegerFieldAccessorImpl done
Event: 5.833 loading class kotlin/jdk7/AutoCloseableKt
Event: 5.833 loading class kotlin/jdk7/AutoCloseableKt done
Event: 5.833 loading class kotlin/jdk7/AutoCloseableKt
Event: 5.833 loading class kotlin/jdk7/AutoCloseableKt done
Event: 5.834 loading class kotlin/Unit
Event: 5.834 loading class kotlin/Unit done
Event: 5.834 loading class kotlin/Unit
Event: 5.834 loading class kotlin/Unit done
Event: 5.835 loading class com/android/builder/errors/EvalIssueException
Event: 5.835 loading class com/android/builder/errors/EvalIssueException done
Event: 5.836 loading class com/android/build/gradle/options/SyncOptions
Event: 5.836 loading class com/android/build/gradle/options/SyncOptions done


Dynamic libraries:
0x00007ff600480000 - 0x00007ff60048a000 	D:\AndroidStudioPos\jre\bin\java.exe
0x00007ff9f6b90000 - 0x00007ff9f6d85000 	C:\WINDOWS\SYSTEM32\ntdll.dll
0x00007ff9f5110000 - 0x00007ff9f51ce000 	C:\WINDOWS\System32\KERNEL32.DLL
0x00007ff9f4310000 - 0x00007ff9f45d9000 	C:\WINDOWS\System32\KERNELBASE.dll
0x00007ff9f49d0000 - 0x00007ff9f4ad0000 	C:\WINDOWS\System32\ucrtbase.dll
0x00007ff9edb60000 - 0x00007ff9edb77000 	D:\AndroidStudioPos\jre\bin\VCRUNTIME140.dll
0x00007ff9eca40000 - 0x00007ff9eca59000 	D:\AndroidStudioPos\jre\bin\jli.dll
0x00007ff9f5320000 - 0x00007ff9f54c1000 	C:\WINDOWS\System32\USER32.dll
0x00007ff9f42b0000 - 0x00007ff9f42d2000 	C:\WINDOWS\System32\win32u.dll
0x00007ff9f5230000 - 0x00007ff9f525b000 	C:\WINDOWS\System32\GDI32.dll
0x00007ff9d9230000 - 0x00007ff9d94ca000 	C:\WINDOWS\WinSxS\amd64_microsoft.windows.common-controls_6595b64144ccf1df_6.0.19041.1110_none_60b5254171f9507e\COMCTL32.dll
0x00007ff9f4ad0000 - 0x00007ff9f4bdb000 	C:\WINDOWS\System32\gdi32full.dll
0x00007ff9f4cc0000 - 0x00007ff9f4d5e000 	C:\WINDOWS\System32\msvcrt.dll
0x00007ff9f4790000 - 0x00007ff9f482d000 	C:\WINDOWS\System32\msvcp_win.dll
0x00007ff9f6370000 - 0x00007ff9f63a0000 	C:\WINDOWS\System32\IMM32.DLL
0x00007ff9e38c0000 - 0x00007ff9e395d000 	D:\AndroidStudioPos\jre\bin\msvcp140.dll
0x00007ff99ea70000 - 0x00007ff99f53f000 	D:\AndroidStudioPos\jre\bin\server\jvm.dll
0x00007ff9f6560000 - 0x00007ff9f660c000 	C:\WINDOWS\System32\ADVAPI32.dll
0x00007ff9f4dc0000 - 0x00007ff9f4e5b000 	C:\WINDOWS\System32\sechost.dll
0x00007ff9f63a0000 - 0x00007ff9f64ca000 	C:\WINDOWS\System32\RPCRT4.dll
0x00007ff9f6a60000 - 0x00007ff9f6a68000 	C:\WINDOWS\System32\PSAPI.DLL
0x00007ff9e77a0000 - 0x00007ff9e77c7000 	C:\WINDOWS\SYSTEM32\WINMM.dll
0x00007ff9e7040000 - 0x00007ff9e7049000 	C:\WINDOWS\SYSTEM32\WSOCK32.dll
0x00007ff9eb240000 - 0x00007ff9eb24a000 	C:\WINDOWS\SYSTEM32\VERSION.dll
0x00007ff9f4f70000 - 0x00007ff9f4fdb000 	C:\WINDOWS\System32\WS2_32.dll
0x00007ff9f2b30000 - 0x00007ff9f2b42000 	C:\WINDOWS\SYSTEM32\kernel.appcore.dll
0x00007ff9e6ee0000 - 0x00007ff9e6ef1000 	D:\AndroidStudioPos\jre\bin\verify.dll
0x00007ff9f1f60000 - 0x00007ff9f2144000 	C:\WINDOWS\SYSTEM32\DBGHELP.DLL
0x00007ff9e5dc0000 - 0x00007ff9e5dec000 	C:\WINDOWS\SYSTEM32\dbgcore.DLL
0x00007ff9f48e0000 - 0x00007ff9f4963000 	C:\WINDOWS\System32\bcryptPrimitives.dll
0x00007ff9e6a00000 - 0x00007ff9e6a29000 	D:\AndroidStudioPos\jre\bin\java.dll
0x00007ff9e6ed0000 - 0x00007ff9e6edb000 	D:\AndroidStudioPos\jre\bin\jimage.dll
0x00007ff9e34c0000 - 0x00007ff9e34d8000 	D:\AndroidStudioPos\jre\bin\zip.dll
0x00007ff9f5690000 - 0x00007ff9f5dcf000 	C:\WINDOWS\System32\SHELL32.dll
0x00007ff9f2390000 - 0x00007ff9f2b20000 	C:\WINDOWS\SYSTEM32\windows.storage.dll
0x00007ff9f6610000 - 0x00007ff9f6965000 	C:\WINDOWS\System32\combase.dll
0x00007ff9f3d00000 - 0x00007ff9f3d2c000 	C:\WINDOWS\SYSTEM32\Wldp.dll
0x00007ff9f5270000 - 0x00007ff9f531e000 	C:\WINDOWS\System32\SHCORE.dll
0x00007ff9f4d60000 - 0x00007ff9f4db5000 	C:\WINDOWS\System32\shlwapi.dll
0x00007ff9f41f0000 - 0x00007ff9f420f000 	C:\WINDOWS\SYSTEM32\profapi.dll
0x00007ff9d3140000 - 0x00007ff9d315a000 	D:\AndroidStudioPos\jre\bin\net.dll
0x00007ff9e39e0000 - 0x00007ff9e3ae8000 	C:\WINDOWS\SYSTEM32\WINHTTP.dll
0x00007ff9f3a60000 - 0x00007ff9f3aca000 	C:\WINDOWS\system32\mswsock.dll
0x00007ff9d3120000 - 0x00007ff9d3134000 	D:\AndroidStudioPos\jre\bin\nio.dll
0x00007ff9e3530000 - 0x00007ff9e3557000 	C:\Users\25771\.gradle\native\8bec1ad78214c89d9ad589b4d07fe93259594b29d510b10fafb7a158f7737e5d\windows-amd64\native-platform.dll
0x00007ff9cd5b0000 - 0x00007ff9cd6ed000 	C:\Users\25771\.gradle\native\53dbd7edfb1c66fb8903c78663c9afc45aea4f116125fa6feffd364cf09443e8\windows-amd64\native-platform-file-events.dll
0x00007ff9e69f0000 - 0x00007ff9e69fa000 	D:\AndroidStudioPos\jre\bin\management.dll
0x00007ff9e5d90000 - 0x00007ff9e5d9c000 	D:\AndroidStudioPos\jre\bin\management_ext.dll
0x00007ff9f3c60000 - 0x00007ff9f3c78000 	C:\WINDOWS\SYSTEM32\CRYPTSP.dll
0x00007ff9f3370000 - 0x00007ff9f33a4000 	C:\WINDOWS\system32\rsaenh.dll
0x00007ff9f42e0000 - 0x00007ff9f4307000 	C:\WINDOWS\System32\bcrypt.dll
0x00007ff9f41b0000 - 0x00007ff9f41de000 	C:\WINDOWS\SYSTEM32\USERENV.dll
0x00007ff9f3c50000 - 0x00007ff9f3c5c000 	C:\WINDOWS\SYSTEM32\CRYPTBASE.dll
0x00007ff9f3700000 - 0x00007ff9f373b000 	C:\WINDOWS\SYSTEM32\IPHLPAPI.DLL
0x00007ff9f5680000 - 0x00007ff9f5688000 	C:\WINDOWS\System32\NSI.dll
0x00007ff9eb260000 - 0x00007ff9eb277000 	C:\WINDOWS\SYSTEM32\dhcpcsvc6.DLL
0x00007ff9eb1e0000 - 0x00007ff9eb1fd000 	C:\WINDOWS\SYSTEM32\dhcpcsvc.DLL
0x00007ff9f3750000 - 0x00007ff9f381c000 	C:\WINDOWS\SYSTEM32\DNSAPI.dll

dbghelp: loaded successfully - version: 4.0.5 - missing functions: none
symbol engine: initialized successfully - sym options: 0x614 - pdb path: .;D:\AndroidStudioPos\jre\bin;C:\WINDOWS\SYSTEM32;C:\WINDOWS\WinSxS\amd64_microsoft.windows.common-controls_6595b64144ccf1df_6.0.19041.1110_none_60b5254171f9507e;D:\AndroidStudioPos\jre\bin\server;C:\Users\25771\.gradle\native\8bec1ad78214c89d9ad589b4d07fe93259594b29d510b10fafb7a158f7737e5d\windows-amd64;C:\Users\25771\.gradle\native\53dbd7edfb1c66fb8903c78663c9afc45aea4f116125fa6feffd364cf09443e8\windows-amd64

VM Arguments:
jvm_args: --add-opens=java.base/java.util=ALL-UNNAMED --add-opens=java.base/java.lang=ALL-UNNAMED --add-opens=java.base/java.lang.invoke=ALL-UNNAMED --add-opens=java.base/java.util=ALL-UNNAMED --add-opens=java.prefs/java.util.prefs=ALL-UNNAMED --add-opens=java.prefs/java.util.prefs=ALL-UNNAMED --add-opens=java.base/java.nio.charset=ALL-UNNAMED --add-opens=java.base/java.net=ALL-UNNAMED --add-opens=java.base/java.util.concurrent.atomic=ALL-UNNAMED -Xmx2048m -Dfile.encoding=UTF-8 -Duser.country=CN -Duser.language=zh -Duser.variant 
java_command: org.gradle.launcher.daemon.bootstrap.GradleDaemon 7.0.2
java_class_path (initial): C:\Users\25771\.gradle\wrapper\dists\gradle-7.0.2-bin\857tjihv64xamwrf0h14cai3r\gradle-7.0.2\lib\gradle-launcher-7.0.2.jar
Launcher Type: SUN_STANDARD

[Global flags]
     intx CICompilerCount                          = 4                                         {product} {ergonomic}
     uint ConcGCThreads                            = 3                                         {product} {ergonomic}
     uint G1ConcRefinementThreads                  = 10                                        {product} {ergonomic}
   size_t G1HeapRegionSize                         = 1048576                                   {product} {ergonomic}
    uintx GCDrainStackTargetSize                   = 64                                        {product} {ergonomic}
   size_t InitialHeapSize                          = 134217728                                 {product} {ergonomic}
   size_t MarkStackSize                            = 4194304                                   {product} {ergonomic}
   size_t MaxHeapSize                              = 2147483648                                {product} {command line}
   size_t MaxNewSize                               = 1287651328                                {product} {ergonomic}
   size_t MinHeapDeltaBytes                        = 1048576                                   {product} {ergonomic}
    uintx NonNMethodCodeHeapSize                   = 5836300                                {pd product} {ergonomic}
    uintx NonProfiledCodeHeapSize                  = 122910970                              {pd product} {ergonomic}
    uintx ProfiledCodeHeapSize                     = 122910970                              {pd product} {ergonomic}
    uintx ReservedCodeCacheSize                    = 251658240                              {pd product} {ergonomic}
     bool SegmentedCodeCache                       = true                                      {product} {ergonomic}
     bool UseCompressedClassPointers               = true                                 {lp64_product} {ergonomic}
     bool UseCompressedOops                        = true                                 {lp64_product} {ergonomic}
     bool UseG1GC                                  = true                                      {product} {ergonomic}
     bool UseLargePagesIndividualAllocation        = false                                  {pd product} {ergonomic}

Logging:
Log output configuration:
 #0: stdout all=warning uptime,level,tags
 #1: stderr all=off uptime,level,tags

Environment Variables:
PATH=C:\Program Files (x86)\VMware\VMware Workstation\bin\;C:\Windows\system32;C:\Windows;C:\Windows\System32\Wbem;C:\Windows\System32\WindowsPowerShell\v1.0\;C:\Windows\System32\OpenSSH\;C:\Program Files (x86)\NVIDIA Corporation\PhysX\Common;C:\Program Files\NVIDIA Corporation\NVIDIA NGX;C:\Program Files\NVIDIA Corporation\NVIDIA NvDLISR;C:\WINDOWS\system32;C:\WINDOWS;C:\WINDOWS\System32\Wbem;C:\WINDOWS\System32\WindowsPowerShell\v1.0\;C:\WINDOWS\System32\OpenSSH\;D:\putty\;D:\newV2ray\v2rayN\v2rayN;C:\Users\25771\AppData\Local\Microsoft\WindowsApps;
USERNAME=25771
OS=Windows_NT
PROCESSOR_IDENTIFIER=Intel64 Family 6 Model 158 Stepping 10, GenuineIntel



---------------  S Y S T E M  ---------------

OS: Windows 10 , 64 bit Build 19041 (10.0.19041.1202)
OS uptime: 8 days 9:00 hours

CPU:total 12 (initial active 12) (6 cores per cpu, 2 threads per core) family 6 model 158 stepping 10 microcode 0xb4, cmov, cx8, fxsr, mmx, sse, sse2, sse3, ssse3, sse4.1, sse4.2, popcnt, avx, avx2, aes, clmul, erms, 3dnowpref, lzcnt, ht, tsc, tscinvbit, bmi1, bmi2, adx, fma

Memory: 4k page, system-wide physical 8111M (51M free)
TotalPageFile size 20911M (AvailPageFile size 1M)
current process WorkingSet (physical memory assigned to process): 298M, peak: 298M
current process commit charge ("private bytes"): 360M, peak: 361M

vm_info: OpenJDK 64-Bit Server VM (11.0.10+0-b96-7249189) for windows-amd64 JRE (11.0.10+0-b96-7249189), built on Mar 31 2021 21:44:00 by "builder" with MS VC++ 14.0 (VS2015)

END.
